<?xml version="1.0" encoding="UTF-8"?>
<!-- Generated by org.testng.reporters.JUnitReportReporter -->
<testsuite skipped="0" hostname="Sharan" name="com.Amazon.Amazon_Project" tests="7" failures="0" timestamp="2023-01-20T22:15:55 IST" time="24.670" errors="0">
  <testcase name="drop_down" time="1.285" classname="com.Amazon.Amazon_Project"/>
  <system-out/>
  <testcase name="select" time="7.451" classname="com.Amazon.Amazon_Project"/>
  <system-out/>
  <testcase name="first_Product" time="0.309" classname="com.Amazon.Amazon_Project"/>
  <system-out/>
  <testcase name="window_handle" time="0.105" classname="com.Amazon.Amazon_Project"/>
  <system-out/>
  <testcase name="add_To_Cart" time="5.711" classname="com.Amazon.Amazon_Project"/>
  <system-out/>
  <testcase name="cart_Checkout" time="9.514" classname="com.Amazon.Amazon_Project"/>
  <system-out/>
  <testcase name="screenShot" time="0.295" classname="com.Amazon.Amazon_Project"/>
  <system-out/>
</testsuite> <!-- com.Amazon.Amazon_Project -->
